<?xml version="1.0" encoding="UTF-8"?>
<!-- Generated by org.testng.reporters.JUnitReportReporter -->
<testsuite skipped="0" hostname="DESKTOP-ODFPRUL" name="com.class04.ListenersDemo" tests="3" failures="0" timestamp="2020-01-16T21:42:17 EST" time="0.011" errors="0">
  <testcase name="test2" time="0.001" classname="com.class04.ListenersDemo"/>
  <testcase name="test1" time="0.009" classname="com.class04.ListenersDemo"/>
  <testcase name="test3" time="0.001" classname="com.class04.ListenersDemo"/>
</testsuite> <!-- com.class04.ListenersDemo -->
