<?xml version="1.0" encoding="UTF-8"?>
<!-- Generated by org.testng.reporters.JUnitReportReporter -->
<testsuite skipped="0" hostname="DESKTOP-ODFPRUL" name="com.class03.AlwaysRun" tests="2" failures="0" timestamp="2020-01-14T19:38:14 EST" time="0.009" errors="0">
  <testcase name="testMethod" time="0.007" classname="com.class03.AlwaysRun"/>
  <testcase name="testMethod1" time="0.002" classname="com.class03.AlwaysRun"/>
</testsuite> <!-- com.class03.AlwaysRun -->
