<?xml version="1.0" encoding="UTF-8"?>
<!-- Generated by org.testng.reporters.JUnitReportReporter -->
<testsuite skipped="0" hostname="DESKTOP-ODFPRUL" name="com.HomeWork.HomeWork" tests="1" failures="0" timestamp="2020-01-19T16:00:48 EST" time="13.354" errors="0">
  <testcase name="login" time="13.354" classname="com.HomeWork.HomeWork"/>
</testsuite> <!-- com.HomeWork.HomeWork -->
