<?xml version="1.0" encoding="UTF-8"?>
<!-- Generated by org.testng.reporters.JUnitReportReporter -->
<testsuite skipped="0" hostname="DESKTOP-ODFPRUL" name="com.class01.DifferentAnnotations" tests="1" failures="0" timestamp="2020-01-11T14:24:10 EST" time="0.004" errors="0">
  <testcase name="test" time="0.004" classname="com.class01.DifferentAnnotations"/>
</testsuite> <!-- com.class01.DifferentAnnotations -->
