<?xml version="1.0" encoding="UTF-8"?>
<!-- Generated by org.testng.reporters.JUnitReportReporter -->
<testsuite skipped="0" hostname="DESKTOP-ODFPRUL" name="com.class02.Task2" tests="1" failures="0" timestamp="2020-01-15T00:00:59 EST" time="17.753" errors="0">
  <testcase name="verifyLabels" time="17.753" classname="com.class02.Task2"/>
</testsuite> <!-- com.class02.Task2 -->
