<?xml version="1.0" encoding="UTF-8"?>
<!-- Generated by org.testng.reporters.JUnitReportReporter -->
<testsuite skipped="0" hostname="DESKTOP-ODFPRUL" name="com.class01.TestNGDemo" tests="3" failures="0" timestamp="2020-01-11T13:59:25 EST" time="0.016" errors="0">
  <testcase name="testThree" time="0.002" classname="com.class01.TestNGDemo"/>
  <testcase name="testOne" time="0.013" classname="com.class01.TestNGDemo"/>
  <testcase name="testTwo" time="0.001" classname="com.class01.TestNGDemo"/>
</testsuite> <!-- com.class01.TestNGDemo -->
