<?xml version="1.0" encoding="UTF-8"?>
<!-- Generated by org.testng.reporters.JUnitReportReporter -->
<testsuite skipped="0" hostname="DESKTOP-ODFPRUL" name="com.class01.HW" tests="1" failures="0" timestamp="2020-01-16T22:04:38 EST" time="17.657" errors="0">
  <testcase name="validLogin" time="17.657" classname="com.class01.HW"/>
</testsuite> <!-- com.class01.HW -->
