<?xml version="1.0" encoding="UTF-8"?>
<!-- Generated by org.testng.reporters.JUnitReportReporter -->
<testsuite skipped="0" hostname="DESKTOP-ODFPRUL" name="com.class01.TitleLogoAndLoginVerification" tests="3" failures="0" timestamp="2020-01-14T19:52:46 EST" time="1.983" errors="0">
  <testcase name="titleValidation" time="0.005" classname="com.class01.TitleLogoAndLoginVerification"/>
  <testcase name="validLogin" time="1.917" classname="com.class01.TitleLogoAndLoginVerification"/>
  <testcase name="logoValidation" time="0.061" classname="com.class01.TitleLogoAndLoginVerification"/>
</testsuite> <!-- com.class01.TitleLogoAndLoginVerification -->
