<?xml version="1.0" encoding="UTF-8"?>
<!-- Generated by org.testng.reporters.JUnitReportReporter -->
<testsuite skipped="0" hostname="DESKTOP-ODFPRUL" name="com.class01.Task" tests="3" failures="0" timestamp="2020-01-11T14:18:45 EST" time="0.017" errors="0">
  <testcase name="test02" time="0.001" classname="com.class01.Task"/>
  <testcase name="test01" time="0.015" classname="com.class01.Task"/>
  <testcase name="test03" time="0.001" classname="com.class01.Task"/>
</testsuite> <!-- com.class01.Task -->
