<?xml version="1.0" encoding="UTF-8"?>
<!-- Generated by org.testng.reporters.JUnitReportReporter -->
<testsuite skipped="0" hostname="DESKTOP-ODFPRUL" name="SelfProject.A" tests="1" failures="0" timestamp="2020-01-12T13:22:20 EST" time="27.905" errors="0">
  <testcase name="verifyLabels" time="27.905" classname="SelfProject.A"/>
</testsuite> <!-- SelfProject.A -->
